Using pre-set license
Built from '2020.3/release' branch; Version is '2020.3.1f1 (77a89f25062f) revision 7841951'; Using compiler version '192528614'; Build Type 'Release'
OS: 'Windows 10 Pro; OS build 19043.1110; Version 2009; 64bit' Language: 'en' Physical Memory: 16265 MB
BatchMode: 1, IsHumanControllingUs: 0, StartBugReporterOnCrash: 0, Is64bit: 1, IsPro: 0

 COMMAND LINE ARGUMENTS:
C:\Program Files\Unity\2020.3.1f1\Editor\Unity.exe
-adb2
-batchMode
-noUpm
-name
AssetImportWorker0
-projectPath
D:/Users/Leon Jovanovic/Documents/Computer Science/Unity Projects/Santorini
-logFile
Logs/AssetImportWorker0.log
-srvPort
1300
Successfully changed project path to: D:/Users/Leon Jovanovic/Documents/Computer Science/Unity Projects/Santorini
D:/Users/Leon Jovanovic/Documents/Computer Science/Unity Projects/Santorini
Using Asset Import Pipeline V2.
Refreshing native plugins compatible for Editor in 24.40 ms, found 0 plugins.
Preloading 0 native plugins for Editor in 0.00 ms.
Initialize engine version: 2020.3.1f1 (77a89f25062f)
[Subsystems] Discovering subsystems at path C:/Program Files/Unity/2020.3.1f1/Editor/Data/Resources/UnitySubsystems
[Subsystems] Discovering subsystems at path D:/Users/Leon Jovanovic/Documents/Computer Science/Unity Projects/Santorini/Assets
GfxDevice: creating device client; threaded=0
Direct3D:
    Version:  Direct3D 11.0 [level 11.1]
    Renderer: NVIDIA GeForce RTX 2060 (ID=0x1f08)
    Vendor:   
    VRAM:     5980 MB
    Driver:   30.0.14.7141
Initialize mono
Mono path[0] = 'C:/Program Files/Unity/2020.3.1f1/Editor/Data/Managed'
Mono path[1] = 'C:/Program Files/Unity/2020.3.1f1/Editor/Data/MonoBleedingEdge/lib/mono/unityjit'
Mono config path = 'C:/Program Files/Unity/2020.3.1f1/Editor/Data/MonoBleedingEdge/etc'
Using monoOptions --debugger-agent=transport=dt_socket,embedding=1,server=y,suspend=n,address=127.0.0.1:56796
Begin MonoManager ReloadAssembly
Registering precompiled unity dll's ...
Register platform support module: C:/Program Files/Unity/2020.3.1f1/Editor/Data/PlaybackEngines/WindowsStandaloneSupport/UnityEditor.WindowsStandalone.Extensions.dll
Registered in 0.001372 seconds.
Native extension for WindowsStandalone target not found
Refreshing native plugins compatible for Editor in 25.28 ms, found 0 plugins.
Preloading 0 native plugins for Editor in 0.00 ms.
Invoked RoslynAnalysisRunner static constructor.
RoslynAnalysisRunner will not be running.
RoslynAnalysisRunner has terminated.
Mono: successfully reloaded assembly
- Completed reload, in  1.620 seconds
Platform modules already initialized, skipping
Registering precompiled user dll's ...
Registered in 0.000348 seconds.
Begin MonoManager ReloadAssembly
Unloading broken assembly Library/ScriptAssemblies/Assembly-CSharp.dll, this assembly can cause crashes in the runtime

Native extension for WindowsStandalone target not found
Refreshing native plugins compatible for Editor in 0.26 ms, found 0 plugins.
Preloading 0 native plugins for Editor in 0.00 ms.
Invoked RoslynAnalysisRunner static constructor.
RoslynAnalysisRunner will not be running.
RoslynAnalysisRunner has terminated.
Mono: successfully reloaded assembly
- Completed reload, in  1.391 seconds
Platform modules already initialized, skipping
========================================================================
Worker process is ready to serve import requests
Launched and connected shader compiler UnityShaderCompiler.exe after 0.03 seconds
Refreshing native plugins compatible for Editor in 0.26 ms, found 0 plugins.
Preloading 0 native plugins for Editor in 0.00 ms.
Unloading 1185 Unused Serialized files (Serialized files now loaded: 0)
System memory in use before: 78.6 MB.
System memory in use after: 78.2 MB.

Unloading 20 unused Assets to reduce memory usage. Loaded Objects now: 1638.
Total: 1.833500 ms (FindLiveObjects: 0.152900 ms CreateObjectMapping: 0.030100 ms MarkObjects: 1.402700 ms  DeleteObjects: 0.246700 ms)

========================================================================
Received Import Request.
  path: Assets/Scripts/Table.cs
  artifactKey: Guid(99c62c07a05f5e54b8cc74feb6112228) Importer(815301076,1909f56bfc062723c751e8b465ee728b)
Start importing Assets/Scripts/Table.cs using Guid(99c62c07a05f5e54b8cc74feb6112228) Importer(815301076,1909f56bfc062723c751e8b465ee728b)  -> (artifact id: '4bb53fe5c80e270e3a37923afdcdeb80') in 0.021476 seconds
  Import took 0.023360 seconds .

========================================================================
Received Prepare
Registering precompiled user dll's ...
Registered in 0.000382 seconds.
Begin MonoManager ReloadAssembly
Unloading broken assembly Library/ScriptAssemblies/Assembly-CSharp.dll, this assembly can cause crashes in the runtime

Native extension for WindowsStandalone target not found
Refreshing native plugins compatible for Editor in 0.26 ms, found 0 plugins.
Preloading 0 native plugins for Editor in 0.00 ms.
Invoked RoslynAnalysisRunner static constructor.
RoslynAnalysisRunner will not be running.
RoslynAnalysisRunner has terminated.
Mono: successfully reloaded assembly
- Completed reload, in  0.658 seconds
Platform modules already initialized, skipping
Switching build target platform(5) subTarget(0) extendedPlatform(0) -> platform(13) subTarget(589824) extendedPlatform(0)
Refreshing native plugins compatible for Editor in 0.25 ms, found 0 plugins.
Preloading 0 native plugins for Editor in 0.00 ms.
Unloading 1162 Unused Serialized files (Serialized files now loaded: 0)
System memory in use before: 75.7 MB.
System memory in use after: 75.3 MB.

Unloading 15 unused Assets to reduce memory usage. Loaded Objects now: 1641.
Total: 1.905200 ms (FindLiveObjects: 0.156000 ms CreateObjectMapping: 0.028300 ms MarkObjects: 1.481000 ms  DeleteObjects: 0.238900 ms)

AssetImportParameters requested are different than current active one (requested -> active):
  custom:graphics/normal-map-encoding: 01000000000000000000000000000000 -> 02000000000000000000000000000000
========================================================================
Received Import Request.
  Time since last request: 544.074755 seconds.
  path: Assets/Prefabs/Figurines/p12.obj
  artifactKey: Guid(456791e1a5a88474faa493184b9fc658) Importer(815301076,1909f56bfc062723c751e8b465ee728b)
Start importing Assets/Prefabs/Figurines/p12.obj using Guid(456791e1a5a88474faa493184b9fc658) Importer(815301076,1909f56bfc062723c751e8b465ee728b)  -> (artifact id: '2f30c9550369698365ef5390240f732d') in 0.130121 seconds
  Import took 0.132291 seconds .

========================================================================
Received Prepare
Registering precompiled user dll's ...
Registered in 0.000583 seconds.
Begin MonoManager ReloadAssembly
Unloading broken assembly Library/ScriptAssemblies/Assembly-CSharp.dll, this assembly can cause crashes in the runtime

Native extension for WindowsStandalone target not found
Refreshing native plugins compatible for Editor in 0.27 ms, found 0 plugins.
Preloading 0 native plugins for Editor in 0.00 ms.
Invoked RoslynAnalysisRunner static constructor.
RoslynAnalysisRunner will not be running.
RoslynAnalysisRunner has terminated.
Mono: successfully reloaded assembly
- Completed reload, in  0.668 seconds
Platform modules already initialized, skipping
Switching build target platform(5) subTarget(0) extendedPlatform(0) -> platform(13) subTarget(589824) extendedPlatform(0)
Refreshing native plugins compatible for Editor in 0.36 ms, found 0 plugins.
Preloading 0 native plugins for Editor in 0.00 ms.
Unloading 1162 Unused Serialized files (Serialized files now loaded: 0)
System memory in use before: 79.3 MB.
System memory in use after: 78.8 MB.

Unloading 15 unused Assets to reduce memory usage. Loaded Objects now: 1687.
Total: 1.787000 ms (FindLiveObjects: 0.158100 ms CreateObjectMapping: 0.032700 ms MarkObjects: 1.375800 ms  DeleteObjects: 0.219500 ms)

AssetImportParameters requested are different than current active one (requested -> active):
  custom:graphics/normal-map-encoding: 01000000000000000000000000000000 -> 02000000000000000000000000000000
========================================================================
Received Prepare
Registering precompiled user dll's ...
Registered in 0.000485 seconds.
Begin MonoManager ReloadAssembly
Unloading broken assembly Library/ScriptAssemblies/Assembly-CSharp.dll, this assembly can cause crashes in the runtime

Native extension for WindowsStandalone target not found
Refreshing native plugins compatible for Editor in 0.31 ms, found 0 plugins.
Preloading 0 native plugins for Editor in 0.00 ms.
Invoked RoslynAnalysisRunner static constructor.
RoslynAnalysisRunner will not be running.
RoslynAnalysisRunner has terminated.
Mono: successfully reloaded assembly
- Completed reload, in  0.647 seconds
Platform modules already initialized, skipping
Switching build target platform(5) subTarget(0) extendedPlatform(0) -> platform(13) subTarget(589824) extendedPlatform(0)
Refreshing native plugins compatible for Editor in 0.24 ms, found 0 plugins.
Preloading 0 native plugins for Editor in 0.00 ms.
Unloading 1162 Unused Serialized files (Serialized files now loaded: 0)
System memory in use before: 79.3 MB.
System memory in use after: 78.8 MB.

Unloading 15 unused Assets to reduce memory usage. Loaded Objects now: 1690.
Total: 1.829400 ms (FindLiveObjects: 0.174600 ms CreateObjectMapping: 0.033900 ms MarkObjects: 1.374000 ms  DeleteObjects: 0.246000 ms)

AssetImportParameters requested are different than current active one (requested -> active):
  custom:graphics/normal-map-encoding: 01000000000000000000000000000000 -> 02000000000000000000000000000000
========================================================================
Received Import Request.
  Time since last request: 250.821462 seconds.
  path: Assets/Prefabs/Board/The Board.prefab
  artifactKey: Guid(f6035e5abf402b044838576463e929d9) Importer(815301076,1909f56bfc062723c751e8b465ee728b)
Start importing Assets/Prefabs/Board/The Board.prefab using Guid(f6035e5abf402b044838576463e929d9) Importer(815301076,1909f56bfc062723c751e8b465ee728b)  -> (artifact id: 'ca7f4e33facac9b732c322a2bcc5e752') in 0.128414 seconds
  Import took 0.136464 seconds .

========================================================================
Received Import Request.
  Time since last request: 73.379287 seconds.
  path: Assets/Prefabs/Figurines
  artifactKey: Guid(900fcb38c42403d49ba182f6e8e91de4) Importer(815301076,1909f56bfc062723c751e8b465ee728b)
Start importing Assets/Prefabs/Figurines using Guid(900fcb38c42403d49ba182f6e8e91de4) Importer(815301076,1909f56bfc062723c751e8b465ee728b)  -> (artifact id: '10e9a239c1ddfc636f9b786b39b2091b') in 0.005784 seconds
  Import took 0.007778 seconds .

========================================================================
Received Import Request.
  Time since last request: 56.578955 seconds.
  path: Assets/Scripts/LevelButtonNetwork.cs
  artifactKey: Guid(8201704939a1e2f46afb7ce8259c3132) Importer(815301076,1909f56bfc062723c751e8b465ee728b)
Start importing Assets/Scripts/LevelButtonNetwork.cs using Guid(8201704939a1e2f46afb7ce8259c3132) Importer(815301076,1909f56bfc062723c751e8b465ee728b)  -> (artifact id: '024163fd7daacc91a12e8f40bd484040') in 0.005532 seconds
  Import took 0.007658 seconds .

========================================================================
Received Import Request.
  Time since last request: 32.038753 seconds.
  path: Assets/Scripts/TableNetwork.cs
  artifactKey: Guid(96344fdaea5ca9247908d2740ee8435b) Importer(815301076,1909f56bfc062723c751e8b465ee728b)
Start importing Assets/Scripts/TableNetwork.cs using Guid(96344fdaea5ca9247908d2740ee8435b) Importer(815301076,1909f56bfc062723c751e8b465ee728b)  -> (artifact id: '7db9b07475ae5f2e02dffd277fd9b0c1') in 0.005966 seconds
  Import took 0.008089 seconds .

========================================================================
Received Prepare
Registering precompiled user dll's ...
Registered in 0.001335 seconds.
Begin MonoManager ReloadAssembly
Native extension for WindowsStandalone target not found
Refreshing native plugins compatible for Editor in 0.39 ms, found 0 plugins.
Preloading 0 native plugins for Editor in 0.00 ms.
Invoked RoslynAnalysisRunner static constructor.
RoslynAnalysisRunner will not be running.
RoslynAnalysisRunner has terminated.
Mono: successfully reloaded assembly
- Completed reload, in  0.697 seconds
Platform modules already initialized, skipping
Switching build target platform(5) subTarget(0) extendedPlatform(0) -> platform(13) subTarget(589824) extendedPlatform(0)
Refreshing native plugins compatible for Editor in 0.30 ms, found 0 plugins.
Preloading 0 native plugins for Editor in 0.00 ms.
Unloading 1302 Unused Serialized files (Serialized files now loaded: 0)
System memory in use before: 85.7 MB.
System memory in use after: 85.3 MB.

Unloading 19 unused Assets to reduce memory usage. Loaded Objects now: 1831.
Total: 1.889100 ms (FindLiveObjects: 0.189500 ms CreateObjectMapping: 0.035200 ms MarkObjects: 1.415500 ms  DeleteObjects: 0.247900 ms)

AssetImportParameters requested are different than current active one (requested -> active):
  custom:graphics/normal-map-encoding: 01000000000000000000000000000000 -> 02000000000000000000000000000000
========================================================================
Received Import Request.
  Time since last request: 324.298742 seconds.
  path: Assets/Scenes/Menu.unity
  artifactKey: Guid(955d5cc7e39b52b4bbd1cf735fd60335) Importer(815301076,1909f56bfc062723c751e8b465ee728b)
Start importing Assets/Scenes/Menu.unity using Guid(955d5cc7e39b52b4bbd1cf735fd60335) Importer(815301076,1909f56bfc062723c751e8b465ee728b)  -> (artifact id: '848ddf29b19bd0404ebd1a5ab56786a4') in 0.013878 seconds
  Import took 0.016141 seconds .

========================================================================
Received Import Request.
  Time since last request: 0.000733 seconds.
  path: Assets/Scenes/Menu.unity
  artifactKey: Guid(955d5cc7e39b52b4bbd1cf735fd60335) Importer(815301076,1909f56bfc062723c751e8b465ee728b)
Start importing Assets/Scenes/Menu.unity using Guid(955d5cc7e39b52b4bbd1cf735fd60335) Importer(815301076,1909f56bfc062723c751e8b465ee728b)  -> (artifact id: '848ddf29b19bd0404ebd1a5ab56786a4') in 0.001567 seconds
  Import took 0.003713 seconds .

========================================================================
Received Prepare
Registering precompiled user dll's ...
Registered in 0.001409 seconds.
Begin MonoManager ReloadAssembly
Native extension for WindowsStandalone target not found
Refreshing native plugins compatible for Editor in 0.30 ms, found 0 plugins.
Preloading 0 native plugins for Editor in 0.00 ms.
Invoked RoslynAnalysisRunner static constructor.
RoslynAnalysisRunner will not be running.
RoslynAnalysisRunner has terminated.
Mono: successfully reloaded assembly
- Completed reload, in  0.666 seconds
Platform modules already initialized, skipping
Switching build target platform(5) subTarget(0) extendedPlatform(0) -> platform(13) subTarget(589824) extendedPlatform(0)
Refreshing native plugins compatible for Editor in 0.29 ms, found 0 plugins.
Preloading 0 native plugins for Editor in 0.00 ms.
Unloading 1302 Unused Serialized files (Serialized files now loaded: 0)
System memory in use before: 85.7 MB.
System memory in use after: 85.3 MB.

Unloading 19 unused Assets to reduce memory usage. Loaded Objects now: 1834.
Total: 1.665400 ms (FindLiveObjects: 0.159300 ms CreateObjectMapping: 0.033800 ms MarkObjects: 1.233900 ms  DeleteObjects: 0.237400 ms)

AssetImportParameters requested are different than current active one (requested -> active):
  custom:graphics/normal-map-encoding: 01000000000000000000000000000000 -> 02000000000000000000000000000000
========================================================================
Received Prepare
Registering precompiled user dll's ...
Registered in 0.001360 seconds.
Begin MonoManager ReloadAssembly
Native extension for WindowsStandalone target not found
Refreshing native plugins compatible for Editor in 0.29 ms, found 0 plugins.
Preloading 0 native plugins for Editor in 0.00 ms.
Invoked RoslynAnalysisRunner static constructor.
RoslynAnalysisRunner will not be running.
RoslynAnalysisRunner has terminated.
Mono: successfully reloaded assembly
- Completed reload, in  0.686 seconds
Platform modules already initialized, skipping
Switching build target platform(5) subTarget(0) extendedPlatform(0) -> platform(13) subTarget(589824) extendedPlatform(0)
Refreshing native plugins compatible for Editor in 0.38 ms, found 0 plugins.
Preloading 0 native plugins for Editor in 0.00 ms.
Unloading 1302 Unused Serialized files (Serialized files now loaded: 0)
System memory in use before: 85.8 MB.
System memory in use after: 85.3 MB.

Unloading 19 unused Assets to reduce memory usage. Loaded Objects now: 1837.
Total: 1.774800 ms (FindLiveObjects: 0.217500 ms CreateObjectMapping: 0.043100 ms MarkObjects: 1.265800 ms  DeleteObjects: 0.247300 ms)

AssetImportParameters requested are different than current active one (requested -> active):
  custom:graphics/normal-map-encoding: 01000000000000000000000000000000 -> 02000000000000000000000000000000
========================================================================
Received Prepare
Registering precompiled user dll's ...
Registered in 0.001570 seconds.
Begin MonoManager ReloadAssembly
Native extension for WindowsStandalone target not found
Refreshing native plugins compatible for Editor in 0.31 ms, found 0 plugins.
Preloading 0 native plugins for Editor in 0.00 ms.
Invoked RoslynAnalysisRunner static constructor.
RoslynAnalysisRunner will not be running.
RoslynAnalysisRunner has terminated.
Mono: successfully reloaded assembly
- Completed reload, in  0.671 seconds
Platform modules already initialized, skipping
Switching build target platform(5) subTarget(0) extendedPlatform(0) -> platform(13) subTarget(589824) extendedPlatform(0)
Refreshing native plugins compatible for Editor in 0.34 ms, found 0 plugins.
Preloading 0 native plugins for Editor in 0.00 ms.
Unloading 1302 Unused Serialized files (Serialized files now loaded: 0)
System memory in use before: 85.8 MB.
System memory in use after: 85.3 MB.

Unloading 19 unused Assets to reduce memory usage. Loaded Objects now: 1840.
Total: 1.692000 ms (FindLiveObjects: 0.183400 ms CreateObjectMapping: 0.035400 ms MarkObjects: 1.225500 ms  DeleteObjects: 0.246500 ms)

AssetImportParameters requested are different than current active one (requested -> active):
  custom:graphics/normal-map-encoding: 01000000000000000000000000000000 -> 02000000000000000000000000000000
========================================================================
Received Prepare
Registering precompiled user dll's ...
Registered in 0.001257 seconds.
Begin MonoManager ReloadAssembly
Native extension for WindowsStandalone target not found
Refreshing native plugins compatible for Editor in 0.31 ms, found 0 plugins.
Preloading 0 native plugins for Editor in 0.00 ms.
Invoked RoslynAnalysisRunner static constructor.
RoslynAnalysisRunner will not be running.
RoslynAnalysisRunner has terminated.
Mono: successfully reloaded assembly
- Completed reload, in  0.657 seconds
Platform modules already initialized, skipping
Switching build target platform(5) subTarget(0) extendedPlatform(0) -> platform(13) subTarget(589824) extendedPlatform(0)
Refreshing native plugins compatible for Editor in 0.29 ms, found 0 plugins.
Preloading 0 native plugins for Editor in 0.00 ms.
Unloading 1302 Unused Serialized files (Serialized files now loaded: 0)
System memory in use before: 85.8 MB.
System memory in use after: 85.4 MB.

Unloading 19 unused Assets to reduce memory usage. Loaded Objects now: 1843.
Total: 1.813900 ms (FindLiveObjects: 0.180400 ms CreateObjectMapping: 0.036200 ms MarkObjects: 1.341900 ms  DeleteObjects: 0.254300 ms)

AssetImportParameters requested are different than current active one (requested -> active):
  custom:graphics/normal-map-encoding: 01000000000000000000000000000000 -> 02000000000000000000000000000000
========================================================================
Received Import Request.
  Time since last request: 634.491293 seconds.
  path: Assets/Scenes/Game.unity
  artifactKey: Guid(ffc03ee840512624c86a13fb4aae05d3) Importer(815301076,1909f56bfc062723c751e8b465ee728b)
Start importing Assets/Scenes/Game.unity using Guid(ffc03ee840512624c86a13fb4aae05d3) Importer(815301076,1909f56bfc062723c751e8b465ee728b)  -> (artifact id: '2ecf150f74aa48230d57f797b7d0401c') in 0.012832 seconds
  Import took 0.015129 seconds .

========================================================================
Received Import Request.
  Time since last request: 49.131275 seconds.
  path: Assets/Scripts/Settings.cs
  artifactKey: Guid(5e68852e6e9bd454d8125df3466c670a) Importer(815301076,1909f56bfc062723c751e8b465ee728b)
Start importing Assets/Scripts/Settings.cs using Guid(5e68852e6e9bd454d8125df3466c670a) Importer(815301076,1909f56bfc062723c751e8b465ee728b)  -> (artifact id: 'c1ea7293b37aeec2e9a0d98126dddde8') in 0.005291 seconds
  Import took 0.007565 seconds .

========================================================================
Received Prepare
Registering precompiled user dll's ...
Registered in 0.001417 seconds.
Begin MonoManager ReloadAssembly
Native extension for WindowsStandalone target not found
Refreshing native plugins compatible for Editor in 0.31 ms, found 0 plugins.
Preloading 0 native plugins for Editor in 0.00 ms.
Invoked RoslynAnalysisRunner static constructor.
RoslynAnalysisRunner will not be running.
RoslynAnalysisRunner has terminated.
Mono: successfully reloaded assembly
- Completed reload, in  0.711 seconds
Platform modules already initialized, skipping
Switching build target platform(5) subTarget(0) extendedPlatform(0) -> platform(13) subTarget(589824) extendedPlatform(0)
Refreshing native plugins compatible for Editor in 0.29 ms, found 0 plugins.
Preloading 0 native plugins for Editor in 0.00 ms.
Unloading 1302 Unused Serialized files (Serialized files now loaded: 0)
System memory in use before: 85.8 MB.
System memory in use after: 85.4 MB.

Unloading 19 unused Assets to reduce memory usage. Loaded Objects now: 1846.
Total: 1.802800 ms (FindLiveObjects: 0.185100 ms CreateObjectMapping: 0.033000 ms MarkObjects: 1.312200 ms  DeleteObjects: 0.271300 ms)

AssetImportParameters requested are different than current active one (requested -> active):
  custom:graphics/normal-map-encoding: 01000000000000000000000000000000 -> 02000000000000000000000000000000
========================================================================
Received Import Request.
  Time since last request: 30.773112 seconds.
  path: Assets/Scripts/PlayMode.cs
  artifactKey: Guid(b72bdce10046bfd4f9e80cdeefa401f2) Importer(815301076,1909f56bfc062723c751e8b465ee728b)
Start importing Assets/Scripts/PlayMode.cs using Guid(b72bdce10046bfd4f9e80cdeefa401f2) Importer(815301076,1909f56bfc062723c751e8b465ee728b)  -> (artifact id: '6ecf34729aacbb1ef0290643aa68b51a') in 0.007538 seconds
  Import took 0.010047 seconds .

========================================================================
Received Import Request.
  Time since last request: 33.417684 seconds.
  path: Assets/Scripts/MainMenu.cs
  artifactKey: Guid(7e5f6e17337a33740bf4eafc73d08334) Importer(815301076,1909f56bfc062723c751e8b465ee728b)
Start importing Assets/Scripts/MainMenu.cs using Guid(7e5f6e17337a33740bf4eafc73d08334) Importer(815301076,1909f56bfc062723c751e8b465ee728b)  -> (artifact id: '42368186b7830229695e4a50e1929f76') in 0.005349 seconds
  Import took 0.007730 seconds .

========================================================================
Received Import Request.
  Time since last request: 123.862726 seconds.
  path: Assets/Scenes/Menu.unity
  artifactKey: Guid(955d5cc7e39b52b4bbd1cf735fd60335) Importer(815301076,1909f56bfc062723c751e8b465ee728b)
Start importing Assets/Scenes/Menu.unity using Guid(955d5cc7e39b52b4bbd1cf735fd60335) Importer(815301076,1909f56bfc062723c751e8b465ee728b)  -> (artifact id: '3d71b06499cb4cacb3188b420986f607') in 0.012046 seconds
  Import took 0.014205 seconds .

========================================================================
Received Import Request.
  Time since last request: 41.171384 seconds.
  path: Assets/Scenes/Game.unity
  artifactKey: Guid(ffc03ee840512624c86a13fb4aae05d3) Importer(815301076,1909f56bfc062723c751e8b465ee728b)
Start importing Assets/Scenes/Game.unity using Guid(ffc03ee840512624c86a13fb4aae05d3) Importer(815301076,1909f56bfc062723c751e8b465ee728b)  -> (artifact id: '77548ef3e71d1f688e9a46e64de000c1') in 0.001759 seconds
  Import took 0.003761 seconds .

========================================================================
Received Import Request.
  Time since last request: 23.281967 seconds.
  path: Assets/Scripts/SoundManager.cs
  artifactKey: Guid(1079bf781a28dde41ab2fd6ee1b5030f) Importer(815301076,1909f56bfc062723c751e8b465ee728b)
Start importing Assets/Scripts/SoundManager.cs using Guid(1079bf781a28dde41ab2fd6ee1b5030f) Importer(815301076,1909f56bfc062723c751e8b465ee728b)  -> (artifact id: '791c4b9a7185ef3c5ee46f52588c8886') in 0.006082 seconds
  Import took 0.008341 seconds .

========================================================================
Received Prepare
Registering precompiled user dll's ...
Registered in 0.001323 seconds.
Begin MonoManager ReloadAssembly
Native extension for WindowsStandalone target not found
Refreshing native plugins compatible for Editor in 0.32 ms, found 0 plugins.
Preloading 0 native plugins for Editor in 0.00 ms.
Invoked RoslynAnalysisRunner static constructor.
RoslynAnalysisRunner will not be running.
RoslynAnalysisRunner has terminated.
Mono: successfully reloaded assembly
- Completed reload, in  0.731 seconds
Platform modules already initialized, skipping
Switching build target platform(5) subTarget(0) extendedPlatform(0) -> platform(13) subTarget(589824) extendedPlatform(0)
Refreshing native plugins compatible for Editor in 0.30 ms, found 0 plugins.
Preloading 0 native plugins for Editor in 0.00 ms.
Unloading 1302 Unused Serialized files (Serialized files now loaded: 0)
System memory in use before: 85.8 MB.
System memory in use after: 85.4 MB.

Unloading 19 unused Assets to reduce memory usage. Loaded Objects now: 1849.
Total: 1.991600 ms (FindLiveObjects: 0.212100 ms CreateObjectMapping: 0.046600 ms MarkObjects: 1.450700 ms  DeleteObjects: 0.281300 ms)

AssetImportParameters requested are different than current active one (requested -> active):
  custom:graphics/normal-map-encoding: 01000000000000000000000000000000 -> 02000000000000000000000000000000
========================================================================
Received Prepare
Registering precompiled user dll's ...
Registered in 0.001507 seconds.
Begin MonoManager ReloadAssembly
Native extension for WindowsStandalone target not found
Refreshing native plugins compatible for Editor in 0.38 ms, found 0 plugins.
Preloading 0 native plugins for Editor in 0.00 ms.
Invoked RoslynAnalysisRunner static constructor.
RoslynAnalysisRunner will not be running.
RoslynAnalysisRunner has terminated.
Mono: successfully reloaded assembly
- Completed reload, in  0.708 seconds
Platform modules already initialized, skipping
Switching build target platform(5) subTarget(0) extendedPlatform(0) -> platform(13) subTarget(589824) extendedPlatform(0)
Refreshing native plugins compatible for Editor in 0.31 ms, found 0 plugins.
Preloading 0 native plugins for Editor in 0.00 ms.
Unloading 1302 Unused Serialized files (Serialized files now loaded: 0)
System memory in use before: 85.8 MB.
System memory in use after: 85.4 MB.

Unloading 19 unused Assets to reduce memory usage. Loaded Objects now: 1852.
Total: 1.799700 ms (FindLiveObjects: 0.193300 ms CreateObjectMapping: 0.037000 ms MarkObjects: 1.319800 ms  DeleteObjects: 0.248500 ms)

AssetImportParameters requested are different than current active one (requested -> active):
  custom:graphics/normal-map-encoding: 01000000000000000000000000000000 -> 02000000000000000000000000000000
========================================================================
Received Prepare
Registering precompiled user dll's ...
Registered in 0.001336 seconds.
Begin MonoManager ReloadAssembly
Native extension for WindowsStandalone target not found
Refreshing native plugins compatible for Editor in 0.29 ms, found 0 plugins.
Preloading 0 native plugins for Editor in 0.00 ms.
Invoked RoslynAnalysisRunner static constructor.
RoslynAnalysisRunner will not be running.
RoslynAnalysisRunner has terminated.
Mono: successfully reloaded assembly
- Completed reload, in  0.675 seconds
Platform modules already initialized, skipping
Switching build target platform(5) subTarget(0) extendedPlatform(0) -> platform(13) subTarget(589824) extendedPlatform(0)
Refreshing native plugins compatible for Editor in 0.29 ms, found 0 plugins.
Preloading 0 native plugins for Editor in 0.00 ms.
Unloading 1302 Unused Serialized files (Serialized files now loaded: 0)
System memory in use before: 85.8 MB.
System memory in use after: 85.4 MB.

Unloading 19 unused Assets to reduce memory usage. Loaded Objects now: 1855.
Total: 1.751900 ms (FindLiveObjects: 0.140900 ms CreateObjectMapping: 0.039400 ms MarkObjects: 1.325500 ms  DeleteObjects: 0.245000 ms)

AssetImportParameters requested are different than current active one (requested -> active):
  custom:graphics/normal-map-encoding: 01000000000000000000000000000000 -> 02000000000000000000000000000000
AssetImportWorkerClient::OnTransportError - code=2 error=End of file
