Using pre-set license
Built from '2020.3/release' branch; Version is '2020.3.1f1 (77a89f25062f) revision 7841951'; Using compiler version '192528614'; Build Type 'Release'
OS: 'Windows 10 Pro; OS build 18363.1379; Version 1909; 64bit' Language: 'en' Physical Memory: 16265 MB
BatchMode: 1, IsHumanControllingUs: 0, StartBugReporterOnCrash: 0, Is64bit: 1, IsPro: 0

 COMMAND LINE ARGUMENTS:
C:\Program Files\Unity\2020.3.1f1\Editor\Unity.exe
-adb2
-batchMode
-noUpm
-name
AssetImportWorker0
-projectPath
D:/Users/Leon Jovanovic/Documents/Unity Projects/Santorini
-logFile
Logs/AssetImportWorker0.log
-srvPort
7744
Successfully changed project path to: D:/Users/Leon Jovanovic/Documents/Unity Projects/Santorini
D:/Users/Leon Jovanovic/Documents/Unity Projects/Santorini
Using Asset Import Pipeline V2.
Refreshing native plugins compatible for Editor in 33.93 ms, found 0 plugins.
Preloading 0 native plugins for Editor in 0.00 ms.
Initialize engine version: 2020.3.1f1 (77a89f25062f)
[Subsystems] Discovering subsystems at path C:/Program Files/Unity/2020.3.1f1/Editor/Data/Resources/UnitySubsystems
[Subsystems] Discovering subsystems at path D:/Users/Leon Jovanovic/Documents/Unity Projects/Santorini/Assets
GfxDevice: creating device client; threaded=0
Direct3D:
    Version:  Direct3D 11.0 [level 11.1]
    Renderer: NVIDIA GeForce RTX 2060 (ID=0x1f08)
    Vendor:   
    VRAM:     5980 MB
    Driver:   27.21.14.6192
Initialize mono
Mono path[0] = 'C:/Program Files/Unity/2020.3.1f1/Editor/Data/Managed'
Mono path[1] = 'C:/Program Files/Unity/2020.3.1f1/Editor/Data/MonoBleedingEdge/lib/mono/unityjit'
Mono config path = 'C:/Program Files/Unity/2020.3.1f1/Editor/Data/MonoBleedingEdge/etc'
Using monoOptions --debugger-agent=transport=dt_socket,embedding=1,server=y,suspend=n,address=127.0.0.1:56196
Begin MonoManager ReloadAssembly
Registering precompiled unity dll's ...
Register platform support module: C:/Program Files/Unity/2020.3.1f1/Editor/Data/PlaybackEngines/WindowsStandaloneSupport/UnityEditor.WindowsStandalone.Extensions.dll
Registered in 0.000923 seconds.
Native extension for WindowsStandalone target not found
Refreshing native plugins compatible for Editor in 31.31 ms, found 0 plugins.
Preloading 0 native plugins for Editor in 0.00 ms.
Invoked RoslynAnalysisRunner static constructor.
RoslynAnalysisRunner will not be running.
RoslynAnalysisRunner has terminated.
Mono: successfully reloaded assembly
- Completed reload, in  1.086 seconds
Platform modules already initialized, skipping
Registering precompiled user dll's ...
Registered in 0.001851 seconds.
Begin MonoManager ReloadAssembly
Native extension for WindowsStandalone target not found
Refreshing native plugins compatible for Editor in 0.46 ms, found 0 plugins.
Preloading 0 native plugins for Editor in 0.00 ms.
Invoked RoslynAnalysisRunner static constructor.
RoslynAnalysisRunner will not be running.
RoslynAnalysisRunner has terminated.
Mono: successfully reloaded assembly
- Completed reload, in  0.697 seconds
Platform modules already initialized, skipping
========================================================================
Worker process is ready to serve import requests
Launched and connected shader compiler UnityShaderCompiler.exe after 0.03 seconds
Refreshing native plugins compatible for Editor in 0.49 ms, found 0 plugins.
Preloading 0 native plugins for Editor in 0.00 ms.
Unloading 1610 Unused Serialized files (Serialized files now loaded: 0)
System memory in use before: 89.7 MB.
System memory in use after: 89.7 MB.

Unloading 37 unused Assets to reduce memory usage. Loaded Objects now: 2057.
Total: 1.808900 ms (FindLiveObjects: 0.216300 ms CreateObjectMapping: 0.039500 ms MarkObjects: 1.470900 ms  DeleteObjects: 0.081300 ms)

========================================================================
Received Import Request.
  path: Assets/_TerrainAutoUpgrade
  artifactKey: Guid(e974f3bbeaa67984d86c36623f678af5) Importer(815301076,1909f56bfc062723c751e8b465ee728b)
Start importing Assets/_TerrainAutoUpgrade using Guid(e974f3bbeaa67984d86c36623f678af5) Importer(815301076,1909f56bfc062723c751e8b465ee728b)  -> (artifact id: 'f0dbf1d8b2cac6ee9f64a5bd30ff2b0c') in 0.003590 seconds
  Import took 0.019442 seconds .

========================================================================
Received Import Request.
  Time since last request: 43.949995 seconds.
  path: Assets/Prefabs/Assets
  artifactKey: Guid(b7a6f9239cf80124a856035d5d62935e) Importer(815301076,1909f56bfc062723c751e8b465ee728b)
Start importing Assets/Prefabs/Assets using Guid(b7a6f9239cf80124a856035d5d62935e) Importer(815301076,1909f56bfc062723c751e8b465ee728b)  -> (artifact id: '893e0add02b6799a971cfb08f4b055a1') in 0.001449 seconds
  Import took 0.003565 seconds .

========================================================================
Received Import Request.
  Time since last request: 430.905287 seconds.
  path: Assets/Scenes/Menu.unity
  artifactKey: Guid(b26a97b3223447543b16583c0a668e43) Importer(815301076,1909f56bfc062723c751e8b465ee728b)
Start importing Assets/Scenes/Menu.unity using Guid(b26a97b3223447543b16583c0a668e43) Importer(815301076,1909f56bfc062723c751e8b465ee728b)  -> (artifact id: '08a8932ef48a07867a0dfc719a1f8dac') in 0.007344 seconds
  Import took 0.009825 seconds .

========================================================================
Received Import Request.
  Time since last request: 46.125814 seconds.
  path: Assets/Scenes/Game.unity
  artifactKey: Guid(adcf13731c73bf54faf79ec68896f242) Importer(815301076,1909f56bfc062723c751e8b465ee728b)
Start importing Assets/Scenes/Game.unity using Guid(adcf13731c73bf54faf79ec68896f242) Importer(815301076,1909f56bfc062723c751e8b465ee728b)  -> (artifact id: 'fb1a9df84e379639f52c23a74ba67688') in 0.001159 seconds
  Import took 0.003342 seconds .

========================================================================
Received Import Request.
  Time since last request: 0.697352 seconds.
  path: Assets/Scenes/Game Online.unity
  artifactKey: Guid(e7f24a1b2ea81de479a131ac89d77a4f) Importer(815301076,1909f56bfc062723c751e8b465ee728b)
Start importing Assets/Scenes/Game Online.unity using Guid(e7f24a1b2ea81de479a131ac89d77a4f) Importer(815301076,1909f56bfc062723c751e8b465ee728b)  -> (artifact id: '3f90e360a1f051be49de863ba6b4986b') in 0.001746 seconds
  Import took 0.004339 seconds .

========================================================================
Received Import Request.
  Time since last request: 2.983067 seconds.
  path: Assets/Scenes/Menu.unity
  artifactKey: Guid(b26a97b3223447543b16583c0a668e43) Importer(815301076,1909f56bfc062723c751e8b465ee728b)
Start importing Assets/Scenes/Menu.unity using Guid(b26a97b3223447543b16583c0a668e43) Importer(815301076,1909f56bfc062723c751e8b465ee728b)  -> (artifact id: '69a5a9574b006ee5d4bca741387b0e78') in 0.001619 seconds
  Import took 0.005659 seconds .

========================================================================
Received Prepare
Refreshing native plugins compatible for Editor in 3.50 ms, found 0 plugins.
Preloading 0 native plugins for Editor in 0.00 ms.
Unloading 27 Unused Serialized files (Serialized files now loaded: 0)
System memory in use before: 57.2 MB.
System memory in use after: 57.3 MB.

Unloading 26 unused Assets to reduce memory usage. Loaded Objects now: 2057.
Total: 1.865100 ms (FindLiveObjects: 0.160800 ms CreateObjectMapping: 0.040900 ms MarkObjects: 1.651100 ms  DeleteObjects: 0.011600 ms)

AssetImportWorkerClient::OnTransportError - code=2 error=End of file
